2018-08-06 18:44:22,528 - simpleLogger - DEBUG - debug message
2018-08-06 18:45:31,689 - simpleLogger - DEBUG - debug message
2018-08-06 18:45:36,424 - simpleLogger - DEBUG - 2019-06-04
2018-08-06 19:12:46,811 - simpleLogger - DEBUG - 2019-06-04
2018-08-06 19:13:04,173 - simpleLogger - DEBUG - 2019-06-04
2018-08-06 19:24:22,956 - simpleLogger - DEBUG - 2019-06-04
2018-08-06 21:25:13,461 - simpleLogger - DEBUG - 2019-06-04
2018-08-06 21:30:03,598 - simpleLogger - DEBUG - 2019-06-04
2018-08-07 17:32:58,027 - simpleLogger - DEBUG - files unzipped
2018-08-07 17:41:42,227 - simpleLogger - DEBUG - files unzipped
2018-08-07 17:44:40,979 - simpleLogger - DEBUG - files unzipped
2018-08-07 17:47:00,814 - simpleLogger - DEBUG - Files Formatted
2018-08-07 17:55:35,426 - simpleLogger - DEBUG - Age Added
2018-08-07 18:33:17,259 - simpleLogger - DEBUG - files unzipped
2018-08-07 18:35:36,500 - simpleLogger - DEBUG - Files Formatted
2018-08-07 18:44:25,784 - simpleLogger - DEBUG - Age Added
2018-08-07 20:16:47,861 - simpleLogger - DEBUG - files unzipped
2018-08-07 20:19:13,431 - simpleLogger - DEBUG - Files Formatted
2018-08-07 20:28:14,936 - simpleLogger - DEBUG - Age Added
2018-08-12 14:19:21,950 - simpleLogger - DEBUG - files unzipped
2018-08-12 14:20:57,530 - simpleLogger - DEBUG - Files Formatted
2018-08-12 14:26:36,366 - simpleLogger - DEBUG - Age Added
2018-08-13 16:24:39,525 - simpleLogger - DEBUG - files unzipped
2018-08-13 16:30:54,857 - simpleLogger - DEBUG - files unzipped
2018-08-13 16:39:50,960 - simpleLogger - DEBUG - files unzipped
2018-08-13 16:44:16,249 - simpleLogger - DEBUG - files unzipped
2018-08-13 16:47:58,263 - simpleLogger - DEBUG - files unzipped
2018-08-13 19:40:10,500 - simpleLogger - DEBUG - files unzipped
2018-08-13 19:45:59,157 - simpleLogger - DEBUG - files unzipped
2018-08-13 19:51:10,644 - simpleLogger - DEBUG - files unzipped
2018-08-13 19:54:20,837 - simpleLogger - DEBUG - files unzipped
2018-08-13 19:55:56,977 - simpleLogger - DEBUG - Files Formatted
2018-08-13 20:01:31,622 - simpleLogger - DEBUG - Age Added
2018-08-15 13:58:56,354 - simpleLogger - DEBUG - files unzipped
2018-08-15 14:00:35,310 - simpleLogger - DEBUG - Files Formatted
2018-08-15 14:08:22,510 - simpleLogger - DEBUG - Age Added
2018-08-16 15:30:26,345 - simpleLogger - DEBUG - files unzipped
2018-08-16 15:32:04,552 - simpleLogger - DEBUG - Files Formatted
2018-08-16 15:38:17,516 - simpleLogger - DEBUG - files unzipped
2018-08-16 15:39:47,345 - simpleLogger - DEBUG - Files Formatted
2018-08-16 15:47:11,308 - simpleLogger - DEBUG - Age Added
2018-08-16 16:07:35,027 - simpleLogger - DEBUG - files unzipped
2018-08-16 16:08:22,159 - simpleLogger - DEBUG - Files Formatted
2018-08-16 16:08:46,577 - simpleLogger - DEBUG - Age Added
2018-08-16 19:33:23,902 - simpleLogger - DEBUG - files unzipped
2018-08-16 19:34:06,793 - simpleLogger - DEBUG - Files Formatted
2018-08-16 19:36:49,271 - simpleLogger - DEBUG - files unzipped
2018-08-16 19:37:31,900 - simpleLogger - DEBUG - Files Formatted
2018-08-16 19:37:55,276 - simpleLogger - DEBUG - Age Added
2018-08-16 19:41:28,520 - simpleLogger - DEBUG - files unzipped
2018-08-16 19:42:59,041 - simpleLogger - DEBUG - Files Formatted
2018-08-16 19:47:19,285 - simpleLogger - DEBUG - Age Added
2018-08-16 20:48:51,523 - simpleLogger - DEBUG - files unzipped
2018-08-16 20:50:20,994 - simpleLogger - DEBUG - Files Formatted
2018-08-16 20:52:37,530 - simpleLogger - DEBUG - Age Added
2018-08-17 13:05:49,028 - simpleLogger - DEBUG - files unzipped
2018-08-17 13:10:35,699 - simpleLogger - DEBUG - files unzipped
2018-08-17 13:21:20,279 - simpleLogger - DEBUG - files unzipped
2018-08-17 13:22:44,717 - simpleLogger - DEBUG - Files Formatted
2018-08-17 13:27:00,380 - simpleLogger - DEBUG - Age Added
2018-08-17 14:12:29,349 - simpleLogger - DEBUG - files unzipped
2018-08-17 14:14:26,686 - simpleLogger - DEBUG - Files Formatted
2018-08-17 14:20:34,299 - simpleLogger - DEBUG - files unzipped
2018-08-17 14:22:28,992 - simpleLogger - DEBUG - Files Formatted
2018-08-17 14:40:59,835 - simpleLogger - DEBUG - files unzipped
2018-08-17 14:42:38,747 - simpleLogger - DEBUG - Files Formatted
2018-08-17 14:43:10,805 - simpleLogger - DEBUG - Age Added
2018-08-17 14:44:22,524 - simpleLogger - DEBUG - files unzipped
2018-08-17 14:46:05,037 - simpleLogger - DEBUG - Files Formatted
2018-08-17 14:46:36,952 - simpleLogger - DEBUG - Age Added
2018-08-17 17:50:58,693 - simpleLogger - DEBUG - files unzipped
2018-08-17 17:52:53,415 - simpleLogger - DEBUG - Files Formatted
2018-08-17 17:53:31,879 - simpleLogger - DEBUG - Age Added
2018-08-17 18:00:45,625 - simpleLogger - DEBUG - files unzipped
2018-08-17 18:03:10,827 - simpleLogger - DEBUG - Files Formatted
2018-08-17 18:03:54,266 - simpleLogger - DEBUG - Age Added
2018-08-17 18:09:10,964 - simpleLogger - DEBUG - files unzipped
2018-08-17 18:11:32,357 - simpleLogger - DEBUG - Files Formatted
2018-08-17 18:12:15,840 - simpleLogger - DEBUG - Age Added
2018-08-17 18:14:59,572 - simpleLogger - DEBUG - files unzipped
2018-08-17 18:17:23,236 - simpleLogger - DEBUG - Files Formatted
2018-08-17 18:18:04,874 - simpleLogger - DEBUG - Age Added
2018-08-20 16:03:23,076 - simpleLogger - DEBUG - files unzipped
2018-08-20 16:10:00,576 - simpleLogger - DEBUG - files unzipped
2018-08-20 16:27:02,989 - simpleLogger - DEBUG - files unzipped
2018-08-20 16:28:32,889 - simpleLogger - DEBUG - Files Formatted
2018-08-20 16:35:31,100 - simpleLogger - DEBUG - files unzipped
2018-08-20 16:37:10,416 - simpleLogger - DEBUG - Files Formatted
2018-08-20 16:37:37,705 - simpleLogger - DEBUG - Age Added
2018-08-20 16:40:03,121 - simpleLogger - DEBUG - files unzipped
2018-08-20 16:41:58,294 - simpleLogger - DEBUG - Files Formatted
2018-08-20 16:42:36,797 - simpleLogger - DEBUG - Age Added
2018-08-20 19:20:34,507 - simpleLogger - DEBUG - files unzipped
2018-08-20 19:22:10,910 - simpleLogger - DEBUG - files unzipped
2018-08-20 19:23:36,958 - simpleLogger - DEBUG - Files Formatted
2018-08-20 19:24:04,583 - simpleLogger - DEBUG - Age Added
2018-08-21 13:36:53,888 - simpleLogger - DEBUG - files unzipped
2018-08-21 13:42:05,191 - simpleLogger - DEBUG - files unzipped
2018-08-21 14:22:10,272 - simpleLogger - DEBUG - files unzipped
2018-08-21 17:25:19,568 - simpleLogger - DEBUG - files unzipped
2018-08-21 17:29:07,054 - simpleLogger - DEBUG - files unzipped
2018-08-21 17:30:30,154 - simpleLogger - DEBUG - Files Formatted
2018-08-21 17:31:41,277 - simpleLogger - DEBUG - Age Added
2018-08-21 17:35:11,993 - simpleLogger - DEBUG - files unzipped
2018-08-21 17:36:38,116 - simpleLogger - DEBUG - Files Formatted
2018-08-21 17:37:44,901 - simpleLogger - DEBUG - Age Added
2018-08-21 17:39:51,059 - simpleLogger - DEBUG - files unzipped
2018-08-21 17:41:21,718 - simpleLogger - DEBUG - Files Formatted
2018-08-21 17:42:30,285 - simpleLogger - DEBUG - Age Added
2018-08-21 19:26:54,701 - simpleLogger - DEBUG - files unzipped
2018-08-21 19:28:23,110 - simpleLogger - DEBUG - Files Formatted
2018-08-21 19:29:32,509 - simpleLogger - DEBUG - Age Added
2018-08-21 19:31:39,018 - simpleLogger - DEBUG - files unzipped
2018-08-21 19:33:02,544 - simpleLogger - DEBUG - Files Formatted
2018-08-21 19:34:09,500 - simpleLogger - DEBUG - Age Added
2018-08-21 19:36:29,483 - simpleLogger - DEBUG - files unzipped
2018-08-21 19:37:53,243 - simpleLogger - DEBUG - Files Formatted
2018-08-21 19:39:08,360 - simpleLogger - DEBUG - Age Added
2018-08-22 13:13:58,836 - simpleLogger - DEBUG - files unzipped
2018-08-22 13:17:43,091 - simpleLogger - DEBUG - files unzipped
2018-08-22 13:21:56,362 - simpleLogger - DEBUG - files unzipped
2018-08-22 13:25:37,629 - simpleLogger - DEBUG - files unzipped
2018-08-22 13:27:28,949 - simpleLogger - DEBUG - Files Formatted
2018-08-22 13:28:57,726 - simpleLogger - DEBUG - Age Added
2018-08-22 13:54:27,898 - simpleLogger - DEBUG - files unzipped
2018-08-22 15:18:01,745 - simpleLogger - DEBUG - files unzipped
2018-08-22 15:19:56,483 - simpleLogger - DEBUG - Files Formatted
2018-08-22 15:21:10,685 - simpleLogger - DEBUG - Age Added
2018-08-22 15:44:53,030 - simpleLogger - DEBUG - files unzipped
2018-08-22 15:46:43,542 - simpleLogger - DEBUG - Files Formatted
2018-08-22 15:49:14,093 - simpleLogger - DEBUG - files unzipped
2018-08-22 15:51:09,062 - simpleLogger - DEBUG - Files Formatted
2018-08-22 15:52:25,820 - simpleLogger - DEBUG - Age Added
2018-08-22 15:54:50,280 - simpleLogger - DEBUG - files unzipped
2018-08-22 15:56:30,010 - simpleLogger - DEBUG - Files Formatted
2018-08-22 15:57:54,434 - simpleLogger - DEBUG - Age Added
2018-08-22 16:06:31,060 - simpleLogger - DEBUG - files unzipped
2018-08-22 16:08:16,876 - simpleLogger - DEBUG - Files Formatted
2018-08-22 16:09:38,771 - simpleLogger - DEBUG - Age Added
2018-08-22 16:15:22,090 - simpleLogger - DEBUG - files unzipped
2018-08-22 16:17:06,563 - simpleLogger - DEBUG - Files Formatted
2018-08-22 16:18:47,072 - simpleLogger - DEBUG - Age Added
2018-08-22 16:23:21,644 - simpleLogger - DEBUG - files unzipped
2018-08-22 16:25:04,805 - simpleLogger - DEBUG - Files Formatted
2018-08-22 16:33:54,171 - simpleLogger - DEBUG - files unzipped
2018-08-22 16:35:36,995 - simpleLogger - DEBUG - Files Formatted
2018-08-22 16:41:12,731 - simpleLogger - DEBUG - files unzipped
2018-08-22 16:42:58,873 - simpleLogger - DEBUG - Files Formatted
2018-08-22 19:36:21,550 - simpleLogger - DEBUG - files unzipped
2018-08-22 19:38:03,379 - simpleLogger - DEBUG - Files Formatted
2018-08-22 19:42:00,573 - simpleLogger - DEBUG - files unzipped
2018-08-22 19:43:45,654 - simpleLogger - DEBUG - Files Formatted
2018-08-22 19:46:15,016 - simpleLogger - DEBUG - files unzipped
2018-08-22 19:48:00,014 - simpleLogger - DEBUG - Files Formatted
2018-08-22 19:48:01,696 - simpleLogger - DEBUG - Files Formatted1
2018-08-22 19:48:01,697 - simpleLogger - DEBUG - Files Formatted2
2018-08-22 19:48:01,698 - simpleLogger - DEBUG - Files Formatted3
2018-08-22 19:48:01,698 - simpleLogger - DEBUG - Files Formatted4
2018-08-22 20:24:17,064 - simpleLogger - DEBUG - files unzipped
2018-08-22 20:26:00,580 - simpleLogger - DEBUG - Files Formatted
2018-08-22 20:26:02,021 - simpleLogger - DEBUG - Files Formatted1
2018-08-22 20:26:02,023 - simpleLogger - DEBUG - Files Formatted2
2018-08-22 20:26:02,024 - simpleLogger - DEBUG - Files Formatted3
2018-08-22 20:26:02,024 - simpleLogger - DEBUG - Files Formatted4
2018-08-22 20:27:43,723 - simpleLogger - DEBUG - files unzipped
2018-08-22 20:29:26,636 - simpleLogger - DEBUG - Files Formatted
2018-08-22 20:29:28,175 - simpleLogger - DEBUG - Files Formatted1
2018-08-22 20:29:28,177 - simpleLogger - DEBUG - Files Formatted2
2018-08-22 20:29:28,178 - simpleLogger - DEBUG - Files Formatted3
2018-08-22 20:29:28,178 - simpleLogger - DEBUG - Files Formatted4
2018-08-22 20:31:05,644 - simpleLogger - DEBUG - files unzipped
2018-08-22 20:32:46,319 - simpleLogger - DEBUG - Files Formatted
2018-08-22 20:32:47,665 - simpleLogger - DEBUG - Files Formatted1
2018-08-22 20:32:47,666 - simpleLogger - DEBUG - Files Formatted2
2018-08-22 20:32:47,667 - simpleLogger - DEBUG - Files Formatted3
2018-08-22 20:32:47,667 - simpleLogger - DEBUG - Files Formatted4
2018-08-22 20:33:02,719 - simpleLogger - DEBUG - Files Formatted5
2018-08-22 20:33:18,439 - simpleLogger - DEBUG - Age Added
2018-08-22 21:23:15,366 - simpleLogger - DEBUG - files unzipped
2018-08-22 21:25:12,680 - simpleLogger - DEBUG - Files Formatted
2018-08-22 21:25:14,605 - simpleLogger - DEBUG - Files Formatted1
2018-08-22 21:25:14,606 - simpleLogger - DEBUG - Files Formatted2
2018-08-22 21:25:14,607 - simpleLogger - DEBUG - Files Formatted3
2018-08-22 21:25:14,607 - simpleLogger - DEBUG - Files Formatted4
2018-08-22 21:25:35,299 - simpleLogger - DEBUG - Files Formatted5
2018-08-22 21:25:48,279 - simpleLogger - DEBUG - Age Added
2018-08-22 21:27:07,488 - simpleLogger - DEBUG - files unzipped
2018-08-22 21:28:45,449 - simpleLogger - DEBUG - Files Formatted
2018-08-22 21:28:46,939 - simpleLogger - DEBUG - Files Formatted1
2018-08-22 21:28:46,940 - simpleLogger - DEBUG - Files Formatted2
2018-08-22 21:28:46,942 - simpleLogger - DEBUG - Files Formatted3
2018-08-22 21:28:46,942 - simpleLogger - DEBUG - Files Formatted4
2018-08-22 21:29:01,827 - simpleLogger - DEBUG - Files Formatted5
2018-08-22 21:29:16,160 - simpleLogger - DEBUG - Age Added
2018-08-23 13:44:37,578 - simpleLogger - DEBUG - files unzipped
2018-08-23 13:46:37,529 - simpleLogger - DEBUG - Files Formatted
2018-08-23 13:46:38,966 - simpleLogger - DEBUG - Files Formatted1
2018-08-23 13:46:38,966 - simpleLogger - DEBUG - Files Formatted2
2018-08-23 13:46:38,966 - simpleLogger - DEBUG - Files Formatted3
2018-08-23 13:46:38,966 - simpleLogger - DEBUG - Files Formatted4
2018-08-23 13:47:01,830 - simpleLogger - DEBUG - Files Formatted5
2018-08-23 13:47:17,099 - simpleLogger - DEBUG - Age Added
2018-08-23 13:53:53,435 - simpleLogger - DEBUG - files unzipped
2018-08-23 13:55:41,305 - simpleLogger - DEBUG - Files Formatted
2018-08-23 13:55:43,320 - simpleLogger - DEBUG - Files Formatted1
2018-08-23 13:55:43,320 - simpleLogger - DEBUG - Files Formatted2
2018-08-23 13:55:43,320 - simpleLogger - DEBUG - Files Formatted3
2018-08-23 13:55:43,320 - simpleLogger - DEBUG - Files Formatted4
2018-08-23 13:56:00,631 - simpleLogger - DEBUG - Files Formatted5
2018-08-23 13:56:17,769 - simpleLogger - DEBUG - Age Added
2018-08-23 14:01:55,257 - simpleLogger - DEBUG - files unzipped
2018-08-23 14:03:44,033 - simpleLogger - DEBUG - Files Formatted
2018-08-23 14:03:45,576 - simpleLogger - DEBUG - Files Formatted1
2018-08-23 14:03:45,577 - simpleLogger - DEBUG - Files Formatted2
2018-08-23 14:03:45,578 - simpleLogger - DEBUG - Files Formatted3
2018-08-23 14:03:45,578 - simpleLogger - DEBUG - Files Formatted4
2018-08-23 14:04:03,809 - simpleLogger - DEBUG - Files Formatted5
2018-08-23 14:04:22,217 - simpleLogger - DEBUG - Age Added
2018-08-23 14:13:36,771 - simpleLogger - DEBUG - files unzipped
2018-08-23 14:15:27,037 - simpleLogger - DEBUG - Files Formatted
2018-08-23 14:15:28,694 - simpleLogger - DEBUG - Files Formatted1
2018-08-23 14:15:28,695 - simpleLogger - DEBUG - Files Formatted2
2018-08-23 14:15:28,696 - simpleLogger - DEBUG - Files Formatted3
2018-08-23 14:15:28,696 - simpleLogger - DEBUG - Files Formatted4
2018-08-23 14:15:47,295 - simpleLogger - DEBUG - Files Formatted5
2018-08-23 14:16:05,787 - simpleLogger - DEBUG - Age Added
2018-08-23 16:12:38,041 - simpleLogger - DEBUG - files unzipped
2018-08-23 16:14:26,507 - simpleLogger - DEBUG - Files Formatted
2018-08-23 16:14:28,096 - simpleLogger - DEBUG - Files Formatted1
2018-08-23 16:14:28,096 - simpleLogger - DEBUG - Files Formatted2
2018-08-23 16:14:28,096 - simpleLogger - DEBUG - Files Formatted3
2018-08-23 16:14:28,096 - simpleLogger - DEBUG - Files Formatted4
2018-08-23 16:14:49,636 - simpleLogger - DEBUG - Files Formatted5
2018-08-23 16:15:05,238 - simpleLogger - DEBUG - Age Added
2018-08-23 16:16:05,062 - simpleLogger - DEBUG - files unzipped
2018-08-23 16:17:51,122 - simpleLogger - DEBUG - Files Formatted
2018-08-23 16:17:52,669 - simpleLogger - DEBUG - Files Formatted1
2018-08-23 16:17:52,669 - simpleLogger - DEBUG - Files Formatted2
2018-08-23 16:17:52,669 - simpleLogger - DEBUG - Files Formatted3
2018-08-23 16:17:52,669 - simpleLogger - DEBUG - Files Formatted4
2018-08-23 16:18:09,564 - simpleLogger - DEBUG - Files Formatted5
2018-08-23 16:18:25,981 - simpleLogger - DEBUG - Age Added
2018-08-23 16:18:47,251 - simpleLogger - DEBUG - Adding Tracker
2018-08-23 16:19:08,753 - simpleLogger - DEBUG - Added Tracker
2018-08-23 16:28:24,305 - simpleLogger - DEBUG - files unzipped
2018-08-23 16:30:05,555 - simpleLogger - DEBUG - Files Formatted
2018-08-23 16:30:07,408 - simpleLogger - DEBUG - Files Formatted1
2018-08-23 16:30:07,409 - simpleLogger - DEBUG - Files Formatted2
2018-08-23 16:30:07,410 - simpleLogger - DEBUG - Files Formatted3
2018-08-23 16:30:07,410 - simpleLogger - DEBUG - Files Formatted4
2018-08-23 16:30:25,428 - simpleLogger - DEBUG - Files Formatted5
2018-08-23 16:30:42,530 - simpleLogger - DEBUG - Age Added
2018-08-23 16:44:32,417 - simpleLogger - DEBUG - files unzipped
2018-08-23 16:46:29,699 - simpleLogger - DEBUG - Files Formatted
2018-08-23 16:46:31,215 - simpleLogger - DEBUG - Files Formatted1
2018-08-23 16:46:31,215 - simpleLogger - DEBUG - Files Formatted2
2018-08-23 16:46:31,215 - simpleLogger - DEBUG - Files Formatted3
2018-08-23 16:46:31,215 - simpleLogger - DEBUG - Files Formatted4
2018-08-23 16:46:53,398 - simpleLogger - DEBUG - Files Formatted5
2018-08-23 16:47:14,452 - simpleLogger - DEBUG - Age Added
files unzipped
Files Formatted
Files Formatted1
Files Formatted2
Files Formatted3
Files Formatted4
Files Formatted5
Age Added
2018-08-23 16:55:24,959 - simpleLogger - DEBUG - files unzipped
2018-08-23 16:57:10,080 - simpleLogger - DEBUG - Files Formatted
2018-08-23 16:57:11,580 - simpleLogger - DEBUG - Files Formatted1
2018-08-23 16:57:11,580 - simpleLogger - DEBUG - Files Formatted2
2018-08-23 16:57:11,580 - simpleLogger - DEBUG - Files Formatted3
2018-08-23 16:57:11,580 - simpleLogger - DEBUG - Files Formatted4
2018-08-23 16:57:28,020 - simpleLogger - DEBUG - Files Formatted5
2018-08-23 16:57:43,435 - simpleLogger - DEBUG - Age Added
